# Design Explorer: Shortcut to "c:\My_Designs\Vending_Machine\Vending_Machine.aws" workspace added.
# DESIGN: Default Design Language: VHDL
# DESIGN: Default BDE Language: VHDL
# DESIGN: Flow Manager: Not Defined
acom -reorder -O3 -e 100 -work Vending_Machine -2002  $dsn/src/VM.vhd
# Warning: DAGGEN_0523: The source is compiled without the -dbg switch. Line breakpoints and assertion debug will not be available.
# File: c:/My_Designs/Vending_Machine/src/VM.vhd
# Compile Entity "FSM"
# Compile Architecture "behavior" of Entity "FSM"
# Top-level unit(s) detected:
# Entity => FSM
# Compile success 0 Errors 0 Warnings  Analysis time :  0.1 [s]
# ELBREAD: Elaboration process.
# ELBREAD: Elaboration time 0.0 [s].
asim -O5 +access +r +m+FSM FSM behavior
# ELBREAD: Elaboration process.
# ELBREAD: Elaboration time 0.0 [s].
# VSIM: Stack memory: 32MB
# VSIM: Retval memory: 32MB
# 
# KERNEL: Main thread initiated.
# KERNEL: Kernel process initialization phase.
# ELAB2: Elaboration final pass...
# ELAB2: Create instances ...
# KERNEL: Time resolution set to 1ps.
# ELAB2: Create instances complete.
# SLP: Started
# SLP: Elaboration phase ...
# SLP: Elaboration phase ... skipped, nothing to simulate in SLP mode : 0.0 [s]
# SLP: Finished : 0.0 [s]
# ELAB2: Elaboration final pass complete - time: 0.1 [s].
# KERNEL: Warning: You are using the Active-HDL Student Edition. The performance of simulation is running at a reduced rate.
# KERNEL: Warning: Contact Aldec for available upgrade options - sales@aldec.com.
# KERNEL: Kernel process initialization done.
# Allocation: Simulator allocated 7074 kB (elbread=1280 elab2=5656 kernel=137 sdf=0)
# KERNEL: ASDB file was created in location c:\My_Designs\Vending_Machine\src\wave.asdb
#  03:26 PM, 03 May 2021
#  Simulation has been initialized
acom -O3 -e 100 -work Vending_Machine -2002  $dsn/src/VM.vhd
# Warning: DAGGEN_0523: The source is compiled without the -dbg switch. Line breakpoints and assertion debug will not be available.
# File: c:/My_Designs/Vending_Machine/src/VM.vhd
# Compile Entity "FSM"
# Compile Architecture "behavior" of Entity "FSM"
# Compile success 0 Errors 0 Warnings  Analysis time :  78.0 [ms]
run
restart
restart
endsim
# KERNEL: stopped at time: 39376060 ns
# VSIM: Simulation has finished.
asim -O5 +access +r +m+FSM FSM behavior
# ELBREAD: Elaboration process.
# ELBREAD: Elaboration time 0.0 [s].
# VSIM: Stack memory: 32MB
# VSIM: Retval memory: 32MB
# 
# KERNEL: Main thread initiated.
# KERNEL: Kernel process initialization phase.
# ELAB2: Elaboration final pass...
# ELAB2: Create instances ...
# KERNEL: Time resolution set to 1ps.
# ELAB2: Create instances complete.
# SLP: Started
# SLP: Elaboration phase ...
# SLP: Elaboration phase ... skipped, nothing to simulate in SLP mode : 0.0 [s]
# SLP: Finished : 0.0 [s]
# ELAB2: Elaboration final pass complete - time: 0.0 [s].
# KERNEL: Warning: You are using the Active-HDL Student Edition. The performance of simulation is running at a reduced rate.
# KERNEL: Warning: Contact Aldec for available upgrade options - sales@aldec.com.
# KERNEL: Kernel process initialization done.
# Allocation: Simulator allocated 7074 kB (elbread=1280 elab2=5656 kernel=137 sdf=0)
# KERNEL: ASDB file was created in location c:\My_Designs\Vending_Machine\src\wave.asdb
#  03:35 PM, 03 May 2021
#  Simulation has been initialized
# add wave -noreg {/FSM/CLK}
# 1 signal(s) traced.
# Waveform file 'untitled.awc' connected to 'c:/My_Designs/Vending_Machine/src/wave.asdb'.
# add wave -noreg {/FSM/item}
# 1 signal(s) traced.
# add wave -noreg {/FSM/CoinIn}
# 1 signal(s) traced.
# add wave -noreg {/FSM/CoinOut}
# 1 signal(s) traced.
# add wave -noreg {/FSM/dflag}
# 1 signal(s) traced.
# add wave -noreg {/FSM/cost}
# 1 signal(s) traced.
run
endsim
# KERNEL: stopped at time: 16054 us
# VSIM: Simulation has finished.
asim -O5 +access +r +m+FSM FSM behavior
# ELBREAD: Elaboration process.
# ELBREAD: Elaboration time 0.0 [s].
# VSIM: Stack memory: 32MB
# VSIM: Retval memory: 32MB
# 
# KERNEL: Main thread initiated.
# KERNEL: Kernel process initialization phase.
# ELAB2: Elaboration final pass...
# ELAB2: Create instances ...
# KERNEL: Time resolution set to 1ps.
# ELAB2: Create instances complete.
# SLP: Started
# SLP: Elaboration phase ...
# SLP: Elaboration phase ... skipped, nothing to simulate in SLP mode : 0.0 [s]
# SLP: Finished : 0.0 [s]
# ELAB2: Elaboration final pass complete - time: 0.1 [s].
# KERNEL: Warning: You are using the Active-HDL Student Edition. The performance of simulation is running at a reduced rate.
# KERNEL: Warning: Contact Aldec for available upgrade options - sales@aldec.com.
# KERNEL: Kernel process initialization done.
# Allocation: Simulator allocated 7074 kB (elbread=1280 elab2=5656 kernel=137 sdf=0)
# KERNEL: ASDB file was created in location c:\My_Designs\Vending_Machine\src\wave.asdb
#  03:39 PM, 03 May 2021
#  Simulation has been initialized
# Waveform file 'untitled.awc' connected to 'c:/My_Designs/Vending_Machine/src/wave.asdb'.
run
endsim
# KERNEL: stopped at time: 8726750 ns
# VSIM: Simulation has finished.
# Error: Memory view:  You do not have a valid license to run Memory View. Contact Aldec for ordering information - sales@aldec.com
# Error: 
asim -O5 +access +r +m+FSM FSM behavior
# ELBREAD: Elaboration process.
# ELBREAD: Elaboration time 0.0 [s].
# VSIM: Stack memory: 32MB
# VSIM: Retval memory: 32MB
# 
# KERNEL: Main thread initiated.
# KERNEL: Kernel process initialization phase.
# ELAB2: Elaboration final pass...
# ELAB2: Create instances ...
# KERNEL: Time resolution set to 1ps.
# ELAB2: Create instances complete.
# SLP: Started
# SLP: Elaboration phase ...
# SLP: Elaboration phase ... skipped, nothing to simulate in SLP mode : 0.0 [s]
# SLP: Finished : 0.0 [s]
# ELAB2: Elaboration final pass complete - time: 0.0 [s].
# KERNEL: Warning: You are using the Active-HDL Student Edition. The performance of simulation is running at a reduced rate.
# KERNEL: Warning: Contact Aldec for available upgrade options - sales@aldec.com.
# KERNEL: Kernel process initialization done.
# Allocation: Simulator allocated 7074 kB (elbread=1280 elab2=5656 kernel=137 sdf=0)
# KERNEL: ASDB file was created in location c:\My_Designs\Vending_Machine\src\wave.asdb
#  03:41 PM, 03 May 2021
#  Simulation has been initialized
# Waveform file 'untitled.awc' connected to 'c:/My_Designs/Vending_Machine/src/wave.asdb'.
run
endsim
# KERNEL: stopped at time: 178712500 ms
# VSIM: Simulation has finished.
asim -O5 +access +r +m+FSM FSM behavior
# ELBREAD: Elaboration process.
# ELBREAD: Elaboration time 0.0 [s].
# VSIM: Stack memory: 32MB
# VSIM: Retval memory: 32MB
# 
# KERNEL: Main thread initiated.
# KERNEL: Kernel process initialization phase.
# ELAB2: Elaboration final pass...
# ELAB2: Create instances ...
# KERNEL: Time resolution set to 1ps.
# ELAB2: Create instances complete.
# SLP: Started
# SLP: Elaboration phase ...
# SLP: Elaboration phase ... skipped, nothing to simulate in SLP mode : 0.0 [s]
# SLP: Finished : 0.0 [s]
# ELAB2: Elaboration final pass complete - time: 0.0 [s].
# KERNEL: Warning: You are using the Active-HDL Student Edition. The performance of simulation is running at a reduced rate.
# KERNEL: Warning: Contact Aldec for available upgrade options - sales@aldec.com.
# KERNEL: Kernel process initialization done.
# Allocation: Simulator allocated 7074 kB (elbread=1280 elab2=5656 kernel=137 sdf=0)
# KERNEL: ASDB file was created in location c:\My_Designs\Vending_Machine\src\wave.asdb
#  03:42 PM, 03 May 2021
#  Simulation has been initialized
# Waveform file 'untitled.awc' connected to 'c:/My_Designs/Vending_Machine/src/wave.asdb'.
run 2s
# KERNEL: stopped at time: 2 sec
run 2s
# KERNEL: stopped at time: 4 sec
run 1s
# KERNEL: stopped at time: 5 sec
run 1s
# KERNEL: stopped at time: 6 sec
run 1s
# KERNEL: stopped at time: 7 sec
endsim
# VSIM: Simulation has finished.
asim -O5 +access +r +m+FSM FSM behavior
# ELBREAD: Elaboration process.
# ELBREAD: Elaboration time 0.0 [s].
# VSIM: Stack memory: 32MB
# VSIM: Retval memory: 32MB
# 
# KERNEL: Main thread initiated.
# KERNEL: Kernel process initialization phase.
# ELAB2: Elaboration final pass...
# ELAB2: Create instances ...
# KERNEL: Time resolution set to 1ps.
# ELAB2: Create instances complete.
# SLP: Started
# SLP: Elaboration phase ...
# SLP: Elaboration phase ... skipped, nothing to simulate in SLP mode : 0.0 [s]
# SLP: Finished : 0.0 [s]
# ELAB2: Elaboration final pass complete - time: 0.0 [s].
# KERNEL: Warning: You are using the Active-HDL Student Edition. The performance of simulation is running at a reduced rate.
# KERNEL: Warning: Contact Aldec for available upgrade options - sales@aldec.com.
# KERNEL: Kernel process initialization done.
# Allocation: Simulator allocated 7074 kB (elbread=1280 elab2=5656 kernel=137 sdf=0)
# KERNEL: ASDB file was created in location c:\My_Designs\Vending_Machine\src\wave.asdb
#  03:45 PM, 03 May 2021
#  Simulation has been initialized
# add wave -noreg {/FSM/CLK}
# 1 signal(s) traced.
# Waveform file 'untitled.awc' connected to 'c:/My_Designs/Vending_Machine/src/wave.asdb'.
# add wave -noreg {/FSM/item}
# 1 signal(s) traced.
# add wave -noreg {/FSM/CoinIn}
# 1 signal(s) traced.
# add wave -noreg {/FSM/CoinOut}
# 1 signal(s) traced.
# add wave -noreg {/FSM/dflag}
# 1 signal(s) traced.
# add wave -noreg {/FSM/current_s}
# 1 signal(s) traced.
# add wave -noreg {/FSM/next_s}
# 1 signal(s) traced.
# add wave -noreg {/FSM/cost}
# 1 signal(s) traced.
run 1s
# KERNEL: stopped at time: 1 sec
run 1s
# KERNEL: stopped at time: 2 sec
run 1s
# KERNEL: stopped at time: 3 sec
run 1s
# KERNEL: stopped at time: 4 sec
# Waveform file 'untitled.awc' connected to 'c:/My_Designs/Vending_Machine/src/state_transition.asdb'.
# Adding file c:\My_Designs\Vending_Machine\src\state_transition.asdb ... Done
# Adding file c:\My_Designs\Vending_Machine\src\state_transition.awc ... Done
endsim
# VSIM: Simulation has finished.
